<?xml version="1.0" encoding="UTF-8"?>
<!-- Generated by org.testng.reporters.JUnitXMLReporter -->
<testsuite hostname="UXINMIC-5I88O0I" ignored="2" name="onlyRunStu" tests="4" failures="0" timestamp="2019-09-17T18:42:21 CST" time="0.026" errors="0">
  <testcase name="stu1" time="0.002" classname="com.test.testng.groups.GroupsOnClass1"/>
  <testcase name="stu2" time="0.003" classname="com.test.testng.groups.GroupsOnClass1"/>
  <testcase name="stu1" time="0.003" classname="com.test.testng.groups.GroupsOnClass2"/>
  <testcase name="stu2" time="0.002" classname="com.test.testng.groups.GroupsOnClass2"/>
  <testcase name="teacher2" time="0.0" classname="com.test.testng.groups.GroupsOnClass3">
    <ignored/>
  </testcase> <!-- teacher2 -->
  <testcase name="teacher1" time="0.0" classname="com.test.testng.groups.GroupsOnClass3">
    <ignored/>
  </testcase> <!-- teacher1 -->
</testsuite> <!-- onlyRunStu -->
