<?xml version="1.0" encoding="UTF-8"?>
<!-- Generated by org.testng.reporters.JUnitXMLReporter -->
<testsuite hostname="UXINMIC-5I88O0I" ignored="4" name="onlyRunTeacher" tests="2" failures="0" timestamp="2019-09-17T18:42:21 CST" time="0.006" errors="0">
  <testcase name="teacher1" time="0.002" classname="com.test.testng.groups.GroupsOnClass3"/>
  <testcase name="teacher2" time="0.001" classname="com.test.testng.groups.GroupsOnClass3"/>
  <testcase name="stu1" time="0.0" classname="com.test.testng.groups.GroupsOnClass1">
    <ignored/>
  </testcase> <!-- stu1 -->
  <testcase name="stu2" time="0.0" classname="com.test.testng.groups.GroupsOnClass1">
    <ignored/>
  </testcase> <!-- stu2 -->
  <testcase name="stu2" time="0.0" classname="com.test.testng.groups.GroupsOnClass2">
    <ignored/>
  </testcase> <!-- stu2 -->
  <testcase name="stu1" time="0.0" classname="com.test.testng.groups.GroupsOnClass2">
    <ignored/>
  </testcase> <!-- stu1 -->
</testsuite> <!-- onlyRunTeacher -->
