<?xml version="1.0" encoding="UTF-8"?>
<!-- Generated by org.testng.reporters.JUnitXMLReporter -->
<testsuite hostname="UXINMIC-5I88O0I" ignored="0" name="demo1" tests="4" failures="0" timestamp="2019-09-19T11:33:33 CST" time="0.086" errors="0">
  <testcase name="test2" time="0.02" classname="com.test.testng.multithred.MultiThreadOnXml"/>
  <testcase name="test3" time="0.019" classname="com.test.testng.multithred.MultiThreadOnXml"/>
  <testcase name="test1" time="0.019" classname="com.test.testng.multithred.MultiThreadOnXml"/>
  <testcase name="test1" time="0.004" classname="com.test.testng.BaseThreadTest"/>
</testsuite> <!-- demo1 -->
