<?xml version="1.0" encoding="UTF-8"?>
<!-- Generated by org.testng.reporters.JUnitXMLReporter -->
<testsuite hostname="UXINMIC-5I88O0I" ignored="0" name="demo2" tests="4" failures="0" timestamp="2019-09-19T11:33:33 CST" time="0.014" errors="0">
  <testcase name="test2" time="0.001" classname="com.test.testng.multithred.MultiThreadOnXml"/>
  <testcase name="test3" time="0.005" classname="com.test.testng.multithred.MultiThreadOnXml"/>
  <testcase name="test1" time="0.008" classname="com.test.testng.multithred.MultiThreadOnXml"/>
  <testcase name="test1" time="0.003" classname="com.test.testng.BaseThreadTest"/>
</testsuite> <!-- demo2 -->
